<?xml version="1.0" encoding="UTF-8"?>
<testsuites> <testsuite name="ReportScriptReport"
package="ReportPackage"> <properties> <testcase
classname="acceptance.bind9" name="gcc make success"
time="112.936541161"> </testcase> <testcase
classname="acceptance.bind9" name="kcc make success"
time="827.456159726"> <error message="Failed."> <![CDATA[ Syntax error
(SE-CID1): see C11 section 6.5.1:2 http://rvdoc.org/C11/6.5.1 see
CERT-C section DCL31-C http://rvdoc.org/CERT-C/DCL31-C acl.c:627:3:
error: Trying to look up identifier __builtin_expect, but no such
identifier is in scope. Syntax error (SE-CID1): see C11 section 6.5.1:2
http://rvdoc.org/C11/6.5.1 see CERT-C section DCL31-C
http://rvdoc.org/CERT-C/DCL31-C kcc
-I/root/rv-match_testing/tests/bind9/kcc/build/bind9 -I../.. -I.
-I../../lib/dns -Iinclude
-I/root/rv-match_testing/tests/bind9/kcc/build/bind9/lib/dns/include
-I../../lib/dns/include
-I/root/rv-match_testing/tests/bind9/kcc/build/bind9/lib/isc/include
-I../../lib/isc -I../../lib/isc/include -I../../lib/isc/unix/include
-I../../lib/isc/pthreads/include -I../../lib/isc/x86_64/include
-I/usr/include -D_REENTRANT -DUSE_MD5 -DOPENSSL -DGSSAPI
-DUSE_ISC_SPNEGO -D_GNU_SOURCE -std=gnu11 -no-pedantic
-frecover-all-errors -I/usr/include/libxml2 -fPIC -c adb.c
include/dns/rdataset.h[604:0-0] : syntax error Translation failed
(kcc_config dumped). To repeat, run this command in directory dns: kcc
-d -I/root/rv-match_testing/tests/bind9/kcc/build/bind9 -I../.. -I.
-I../../lib/dns -Iinclude
-I/root/rv-match_testing/tests/bind9/kcc/build/bind9/lib/dns/include
-I../../lib/dns/include
-I/root/rv-match_testing/tests/bind9/kcc/build/bind9/lib/isc/include
-I../../lib/isc -I../../lib/isc/include -I../../lib/isc/unix/include
-I../../lib/isc/pthreads/include -I../../lib/isc/x86_64/include
-I/usr/include -D_REENTRANT -DUSE_MD5 -DOPENSSL -DGSSAPI
-DUSE_ISC_SPNEGO -D_GNU_SOURCE -std=gnu11 -no-pedantic
-frecover-all-errors -I/usr/include/libxml2 -fPIC -c adb.c make[2]: ***
[adb.o] Error 1 make[2]: Leaving directory
`/root/rv-match_testing/tests/bind9/kcc/build/bind9/lib/dns' make[1]:
*** [subdirs] Error 1 make[1]: Leaving directory
`/root/rv-match_testing/tests/bind9/kcc/build/bind9/lib' make: ***
[subdirs] Error 1 ========================= List of the processed
kcc_configs: Found a kcc_config number 1: Location:
/root/rv-match_testing/tests/bind9/kcc/build/bind9/lib/dns
/root/rv-match_testing/prepare.sh: line 141: k-bin-to-text: command not
found k-bin-to-text command failed with above error Found a kcc_config
number 2: Location: /root/rv-match_testing/tests/bind9/kcc/build/bind9
/root/rv-match_testing/prepare.sh: line 141: k-bin-to-text: command not
found k-bin-to-text command failed with above error]]></error>
</testcase> <testcase classname="acceptance.curl"
name="gcc make success" time="82.630054647"> </testcase> <testcase
classname="acceptance.curl" name="kcc make success"
time="495.640058658"> <error message="Failed.">
<![CDATA[tmp-kcc-obj-3obqW:warnless.c:(.text+0x19e): first defined here
tmp-kcc-ar-obj-HL4cy: In function `curlx_uitosi':
warnless.c:(.text+0x1aa): multiple definition of `curlx_uitosi'
tmp-kcc-obj-3obqW:warnless.c:(.text+0x1aa): first defined here
tmp-kcc-ar-obj-HL4cy: In function `curlx_sitouz':
warnless.c:(.text+0x1bb): multiple definition of `curlx_sitouz'
tmp-kcc-obj-3obqW:warnless.c:(.text+0x1bb): first defined here
tmp-kcc-ar-obj-6OF9G: In function `curlx_strtoofft':
strtoofft.c:(.text+0xae): multiple definition of `curlx_strtoofft'
tmp-kcc-obj-xf7uT:strtoofft.c:(.text+0xae): first defined here
tmp-kcc-ar-obj-h2XDW: In function `curlx_nonblock':
nonblock.c:(.text+0xae): multiple definition of `curlx_nonblock'
tmp-kcc-obj-NSc2I:nonblock.c:(.text+0xae): first defined here collect2:
error: ld returned 1 exit status Can't exec "k-bin-to-text": No such
file or directory at /root/kcc_dependency_1/kcc line 4169. Translation
failed (kcc_config dumped). To repeat, run this command in directory
src: kcc -d -std=gnu11 -no-pedantic -frecover-all-errors -pedantic
-Wall -W -Wpointer-arith -Wwrite-strings -Wunused -Wshadow -Winline
-Wnested-externs -Wmissing-declarations -Wmissing-prototypes
-Wno-long-long -Wfloat-equal -Wno-multichar -Wsign-compare -Wundef
-Wno-format-nonliteral -Wendif-labels -Wstrict-prototypes
-Wdeclaration-after-statement -Wstrict-aliasing=3 -Wcast-align
-Wtype-limits -Wold-style-declaration -Wmissing-parameter-type
-Wempty-body -Wclobbered -Wignored-qualifiers -Wconversion
-Wno-sign-conversion -Wvla -Wdouble-promotion -Wno-system-headers
CMakeFiles/curl.dir/slist_wc.c.o CMakeFiles/curl.dir/tool_binmode.c.o
CMakeFiles/curl.dir/tool_bname.c.o CMakeFiles/curl.dir/tool_cb_dbg.c.o
CMakeFiles/curl.dir/tool_cb_hdr.c.o CMakeFiles/curl.dir/tool_cb_prg.c.o
CMakeFiles/curl.dir/tool_cb_rea.c.o CMakeFiles/curl.dir/tool_cb_see.c.o
CMakeFiles/curl.dir/tool_cb_wrt.c.o
CMakeFiles/curl.dir/tool_cfgable.c.o
CMakeFiles/curl.dir/tool_convert.c.o
CMakeFiles/curl.dir/tool_dirhie.c.o CMakeFiles/curl.dir/tool_doswin.c.o
CMakeFiles/curl.dir/tool_easysrc.c.o
CMakeFiles/curl.dir/tool_formparse.c.o
CMakeFiles/curl.dir/tool_getparam.c.o
CMakeFiles/curl.dir/tool_getpass.c.o CMakeFiles/curl.dir/tool_help.c.o
CMakeFiles/curl.dir/tool_helpers.c.o
CMakeFiles/curl.dir/tool_homedir.c.o
CMakeFiles/curl.dir/tool_hugehelp.c.o
CMakeFiles/curl.dir/tool_libinfo.c.o CMakeFiles/curl.dir/tool_main.c.o
CMakeFiles/curl.dir/tool_metalink.c.o CMakeFiles/curl.dir/tool_msgs.c.o
CMakeFiles/curl.dir/tool_operate.c.o
CMakeFiles/curl.dir/tool_operhlp.c.o
CMakeFiles/curl.dir/tool_panykey.c.o
CMakeFiles/curl.dir/tool_paramhlp.c.o
CMakeFiles/curl.dir/tool_parsecfg.c.o
CMakeFiles/curl.dir/tool_strdup.c.o CMakeFiles/curl.dir/tool_setopt.c.o
CMakeFiles/curl.dir/tool_sleep.c.o CMakeFiles/curl.dir/tool_urlglob.c.o
CMakeFiles/curl.dir/tool_util.c.o CMakeFiles/curl.dir/tool_vms.c.o
CMakeFiles/curl.dir/tool_writeout.c.o
CMakeFiles/curl.dir/tool_xattr.c.o
CMakeFiles/curl.dir/__/lib/strtoofft.c.o
CMakeFiles/curl.dir/__/lib/nonblock.c.o
CMakeFiles/curl.dir/__/lib/warnless.c.o -o curl -rdynamic
../lib/libcurl.a -llber -lldap -ldl -lpthread
/usr/lib/x86_64-linux-gnu/libssl.so
/usr/lib/x86_64-linux-gnu/libcrypto.so
-Wl,-rpath,/usr/lib/x86_64-linux-gnu: make[2]: *** [src/curl] Error 1
make[1]: *** [src/CMakeFiles/curl.dir/all] Error 2 make: *** [all]
Error 2]]></error> </testcase> <testcase
classname="acceptance.curve25519" name="gcc make success"
time="3.073509483"> </testcase> <testcase
classname="acceptance.curve25519" name="kcc make success"
time="3322.452877454"> <error message="Failed."> <![CDATA[ see CERT-C
section INT31-C http://rvdoc.org/CERT-C/INT31-C Conversion to signed
integer outside the range that can be represented: > in ecp_Sub at
curve25519_mehdi.c:129:5 in ecp_Mod at curve25519_mehdi.c:200:5 in
ecp_MulMod at curve25519_mehdi.c:335:5 in ecp_PointMultiply at
curve25519_dh.c:149:17 in curve25519_dh_CalculatePublicKey at
curve25519_dh.c:197:5 in speed_test at curve25519_test.c:145:5 in main
at curve25519_test.c:498:5 Implementation defined behavior (IMPL-CCV2):
see C11 section 6.3.1.3:3 http://rvdoc.org/C11/6.3.1.3 see C11 section
J.3.5:1 item 4 http://rvdoc.org/C11/J.3.5 see CERT-C section INT31-C
http://rvdoc.org/CERT-C/INT31-C Segmentation fault (core dumped)
make[1]: *** [test] Error 1 make[1]: Leaving directory
`/root/rv-match_testing/tests/curve25519/kcc/build/curve25519/test'
make: *** [test] Error 2]]></error> </testcase> <testcase
classname="acceptance.darknet" name="gcc make success"
time="10.716410905"> </testcase> <testcase
classname="acceptance.darknet" name="kcc make success"
time="2.068390719"> <error message="Failed."> <![CDATA[mkdir -p obj
mkdir -p results kcc -Iinclude/ -Isrc/ -Wall -Wno-unknown-pragmas
-Wfatal-errors -fPIC -Ofast -c ./src/gemm.c -o obj/gemm.o kcc
-Iinclude/ -Isrc/ -Wall -Wno-unknown-pragmas -Wfatal-errors -fPIC
-Ofast -c ./src/utils.c -o obj/utils.o ./src/utils.c:78:9: error:
Computing pointer addition of a pointer not to a complete object type.
Constraint violation (CV-CEA7): see C11 section 6.5.6:2
http://rvdoc.org/C11/6.5.6 see CERT-C section MSC40-C
http://rvdoc.org/CERT-C/MSC40-C see MISRA-C section 8.1:1
http://rvdoc.org/MISRA-C/8.1 Can't exec "k-bin-to-text": No such file
or directory at /root/kcc_dependency_1/kcc line 4169. Translation
failed (kcc_config dumped). To repeat, run this command in directory
darknet: kcc -d -Iinclude/ -Isrc/ -Wall -Wno-unknown-pragmas
-Wfatal-errors -fPIC -Ofast -c ./src/utils.c -o obj/utils.o make: ***
[obj/utils.o] Error 1]]></error> </testcase> <testcase
classname="acceptance.FFmpeg" name="gcc make success"
time="527.052227308"> </testcase> <testcase
classname="acceptance.FFmpeg" name="kcc make success"
time="16009.592234949"> <error message="Failed."> <![CDATA[Unsupported
option: -fno-math-errno Unsupported option: -fno-signed-zeros AR
libavutil/libavutil.a CC doc/examples/avio_dir_cmd.o Unsupported
option: -fno-math-errno Unsupported option: -fno-signed-zeros LD
doc/examples/avio_dir_cmd_g libavcodec/v410enc.c:83:1: error:
Identifier <unknown> declared with incompatible types in different
translation units. Undefined behavior (UB-TIN1): see C11 section
6.2.7:2 http://rvdoc.org/C11/6.2.7 see C11 section J.2:1 item 15
http://rvdoc.org/C11/J.2 see CERT-C section DCL23-C
http://rvdoc.org/CERT-C/DCL23-C see CERT-C section DCL40-C
http://rvdoc.org/CERT-C/DCL40-C see MISRA-C section 8.1:3
http://rvdoc.org/MISRA-C/8.1 Can't exec "k-bin-to-text": No such file
or directory at /root/kcc_dependency_1/kcc line 4169. Translation
failed (kcc_config dumped). To repeat, run this command in directory
FFmpeg: kcc -d -Llibavcodec -Llibavdevice -Llibavfilter -Llibavformat
-Llibavresample -Llibavutil -Llibpostproc -Llibswscale -Llibswresample
-Wl,--as-needed -Wl,-z,noexecstack -Wl,--warn-common
-Wl,-rpath-link=libpostproc:libswresample:libswscale:libavfilter:libavdevice:libavformat:libavcodec:libavutil:libavresample
-o doc/examples/avio_dir_cmd_g doc/examples/avio_dir_cmd.o -lavdevice
-lavfilter -lavformat -lavcodec -lswresample -lswscale -lavutil -lm
-pthread -lm -lm -pthread -lm -ldl -lm -lm -pthread -lm make: ***
[doc/examples/avio_dir_cmd_g] Error 1 ========================= List of
the processed kcc_configs: Found a kcc_config number 1: Location:
/root/rv-match_testing/tests/FFmpeg/kcc/build/FFmpeg
/root/rv-match_testing/prepare.sh: line 141: k-bin-to-text: command not
found k-bin-to-text command failed with above error]]></error>
</testcase> <testcase classname="acceptance.fio"
name="gcc make success" time="24.391687886"> </testcase> <testcase
classname="acceptance.fio" name="kcc make success" time="27.296700924">
<error message="Failed."> <![CDATA[FIO_VERSION = fio-3.3-31-gca65 CC
crc/crc16.o Unsupported option: -ffast-math Unsupported option:
-ffast-math CC crc/crc32.o Unsupported option: -ffast-math Unsupported
option: -ffast-math CC crc/crc32c-arm64.o Unsupported option:
-ffast-math crc/../arch/arch-x86_64.h[7:0-0] : syntax error Translation
failed (kcc_config dumped). To repeat, run this command in directory
fio: kcc -d -o crc/crc32c-arm64.o -std=gnu99 -Wwrite-strings -Wall
-Wdeclaration-after-statement -g -ffast-math -D_GNU_SOURCE -include
config-host.h -I. -I. -O3 -U_FORTIFY_SOURCE -D_FORTIFY_SOURCE=2
-DBITS_PER_LONG=64 -DFIO_VERSION="fio-3.3-31-gca65" -D_LARGEFILE_SOURCE
-D_FILE_OFFSET_BITS=64 -DFIO_INTERNAL -DFIO_INC_DEBUG -c
crc/crc32c-arm64.c make: *** [crc/crc32c-arm64.o] Error 1
========================= List of the processed kcc_configs: Found a
kcc_config number 1: Location:
/root/rv-match_testing/tests/fio/kcc/build/fio
/root/rv-match_testing/prepare.sh: line 141: k-bin-to-text: command not
found k-bin-to-text command failed with above error]]></error>
</testcase> <testcase classname="acceptance.h3" name="gcc make success"
time="9.603155990"> </testcase> <testcase classname="acceptance.h3"
name="kcc make success" time="43.769897553"> <error message="Failed.">
<![CDATA[Linking C executable bin/mkRandGeoBoundary [ 43%] Built target
mkRandGeoBoundary Scanning dependencies of target testBBox [ 45%]
Building C object
CMakeFiles/testBBox.dir/src/apps/testapps/testBBox.c.o
/root/rv-match_testing/tests/h3/kcc/build/h3/src/apps/testapps/testBBox.c:
In function â€˜mainâ€™:
/root/rv-match_testing/tests/h3/kcc/build/h3/src/apps/testapps/testBBox.c:162:30:
warning: ISO C forbids empty initializer braces [-Wpedantic] const
GeoCoord verts[] = {}; ^
/root/rv-match_testing/tests/h3/kcc/build/h3/src/apps/testapps/testBBox.c:162:20:
error: zero or negative size array â€˜vertsâ€™ const GeoCoord verts[] =
{}; ^
/root/rv-match_testing/tests/h3/kcc/build/h3/src/apps/testapps/testBBox.c:
At top level:
/root/rv-match_testing/tests/h3/kcc/build/h3/src/apps/testapps/testBBox.c:295:12:
warning: ISO C does not allow extra â€˜;â€™ outside of a function
[-Wpedantic] END_TESTS(); ^ Translation failed (kcc_config dumped). To
repeat, run this command in directory h3: kcc -d -DH3_PREFIX= -O3 -Wall
-fPIC -std=c1x
-I/root/rv-match_testing/tests/h3/kcc/build/h3/src/h3lib/include
-I/root/rv-match_testing/tests/h3/kcc/build/h3/src/apps/applib/include
-o CMakeFiles/testBBox.dir/src/apps/testapps/testBBox.c.o -c
/root/rv-match_testing/tests/h3/kcc/build/h3/src/apps/testapps/testBBox.c
make[2]: *** [CMakeFiles/testBBox.dir/src/apps/testapps/testBBox.c.o]
Error 1 make[1]: *** [CMakeFiles/testBBox.dir/all] Error 2 make: ***
[all] Error 2]]></error> </testcase> <testcase
classname="acceptance.makefs" name="gcc make success"
time=".291997267"> </testcase> <testcase classname="acceptance.makefs"
name="kcc make success" time=".154454851"> <error message="Failed.">
<![CDATA[kcc `pkg-config fuse --cflags` -c makefs.c In file included
from makefs.c:3:0: meta_system.h:50:8: warning: extra tokens at end of
#endif directive [enabled by default] #endif META_SYSTEM_H ^ In file
included from /usr/include/fuse/fuse.h:26:0, from makefs.c:9:
/usr/include/fuse/fuse_common.h:33:2: error: #error Please add
-D_FILE_OFFSET_BITS=64 to your compile flags! #error Please add
-D_FILE_OFFSET_BITS=64 to your compile flags! ^ Translation failed
(kcc_config dumped). To repeat, run this command in directory src: kcc
-d -D_FILE_OFFSET_BITS=64 -I/usr/include/fuse -c makefs.c make: ***
[makefs.o] Error 1]]></error> </testcase> <testcase
classname="acceptance.meltdown" name="gcc make success"
time=".842813318"> </testcase> <testcase
classname="acceptance.meltdown" name="kcc make success"
time=".232139632"> <error message="Failed."> <![CDATA[make -C libkdump
make[1]: Entering directory
`/root/rv-match_testing/tests/meltdown/kcc/build/meltdown/libkdump' kcc
-c -fPIC libkdump.c -o libkdump.o -O3 -pthread -Wno-attributes
libkdump.c[146:0-0] : syntax error Translation failed (kcc_config
dumped). To repeat, run this command in directory libkdump: kcc -d -c
-fPIC libkdump.c -o libkdump.o -O3 -pthread -Wno-attributes make[1]:
*** [libkdump.o] Error 1 make[1]: Leaving directory
`/root/rv-match_testing/tests/meltdown/kcc/build/meltdown/libkdump'
make: *** [libkdump/libkdump.a] Error 2 ========================= List
of the processed kcc_configs: Found a kcc_config number 1: Location:
/root/rv-match_testing/tests/meltdown/kcc/build/meltdown/libkdump
/root/rv-match_testing/prepare.sh: line 141: k-bin-to-text: command not
found k-bin-to-text command failed with above error]]></error>
</testcase> <testcase classname="acceptance.mbedtls"
name="gcc make success" time="26.430916833"> </testcase> <testcase
classname="acceptance.mbedtls" name="kcc make success"
time="427.218435342"> <error message="Failed."> <![CDATA[
helpers.function:415:1: error: Multiple external definitions for
mbedtls_entropy_func. Undefined behavior (UB-TIN2): see C11 section
6.9:5 http://rvdoc.org/C11/6.9 see C11 section J.2:1 item 84
http://rvdoc.org/C11/J.2 see CERT-C section MSC15-C
http://rvdoc.org/CERT-C/MSC15-C see MISRA-C section 8.5:1
http://rvdoc.org/MISRA-C/8.5 see MISRA-C section 8.8:6
http://rvdoc.org/MISRA-C/8.8 see MISRA-C section 8.1:3
http://rvdoc.org/MISRA-C/8.1 tmp-kcc-obj-juGeM: In function
`mbedtls_entropy_func': test_suite_ctr_drbg.c:(.text+0x82d): multiple
definition of `mbedtls_entropy_func'
tmp-kcc-ar-obj-PHSDc:entropy.c:(.text+0x517): first defined here
collect2: error: ld returned 1 exit status Can't exec "k-bin-to-text":
No such file or directory at /root/kcc_dependency_1/kcc line 4169.
Translation failed (kcc_config dumped). To repeat, run this command in
directory tests: kcc -d -Wall -W -Wdeclaration-after-statement
-Wno-unused-function -Wno-unused-value -I../include
-D_FILE_OFFSET_BITS=64 -std=gnu11 -frecover-all-errors -no-pedantic
test_suite_ctr_drbg.c -L../library -lmbedtls -lmbedx509 -lmbedcrypto -o
test_suite_ctr_drbg make[1]: *** [test_suite_ctr_drbg] Error 1 make:
*** [tests] Error 2]]></error> </testcase> <testcase
classname="acceptance.musl" name="gcc make success"
time="43.905417043"> </testcase> <testcase classname="acceptance.musl"
name="kcc make success" time="6.167782208"> <error message="Failed.">
<![CDATA[mkdir -p obj/src/time mkdir -p obj/src/unistd sed -f
./tools/mkalltypes.sed ./arch/x86_64/bits/alltypes.h.in
./include/alltypes.h.in > obj/include/bits/alltypes.h cp
arch/x86_64/bits/syscall.h.in obj/include/bits/syscall.h sed -n -e
s/__NR_/SYS_/p < arch/x86_64/bits/syscall.h.in >>
obj/include/bits/syscall.h kcc -std=c99 -nostdinc -ffreestanding
-fexcess-precision=standard -frounding-math -Wa,--noexecstack
-D_XOPEN_SOURCE=700 -I./arch/x86_64 -I./arch/generic -Iobj/src/internal
-I./src/internal -Iobj/include -I./include -Os -pipe
-fomit-frame-pointer -fno-unwind-tables -fno-asynchronous-unwind-tables
-ffunction-sections -fdata-sections
-Werror=implicit-function-declaration -Werror=implicit-int
-Werror=pointer-sign -Werror=pointer-arith -Qunused-arguments -fPIC
-fno-stack-protector -DCRT -c -o obj/crt/Scrt1.o crt/Scrt1.c
Unsupported option: -nostdinc Unsupported option: -ffreestanding
Unsupported option: -fexcess-precision=standard Unsupported option:
-frounding-math Unsupported option: -fno-unwind-tables Unsupported
option: -fno-asynchronous-unwind-tables Unsupported option:
-ffunction-sections Unsupported option: -fdata-sections Unsupported
option: -Qunused-arguments Unsupported option: -fno-stack-protector
Can't exec "k-bin-to-text": No such file or directory at
/root/kcc_dependency_1/kcc line 4169. Translation failed (kcc_config
dumped). To repeat, run this command in directory musl: kcc -d -std=c99
-nostdinc -ffreestanding -fexcess-precision=standard -frounding-math
-Wa,--noexecstack -D_XOPEN_SOURCE=700 -I./arch/x86_64 -I./arch/generic
-Iobj/src/internal -I./src/internal -Iobj/include -I./include -Os -pipe
-fomit-frame-pointer -fno-unwind-tables -fno-asynchronous-unwind-tables
-ffunction-sections -fdata-sections
-Werror=implicit-function-declaration -Werror=implicit-int
-Werror=pointer-sign -Werror=pointer-arith -Qunused-arguments -fPIC
-fno-stack-protector -DCRT -c -o obj/crt/Scrt1.o crt/Scrt1.c make: ***
[obj/crt/Scrt1.o] Error 1]]></error> </testcase> <testcase
classname="acceptance.openssl" name="gcc make success"
time="106.119921293"> </testcase> <testcase
classname="acceptance.openssl" name="kcc make success"
time="19.443951416"> <error message="Failed."> <![CDATA[kcc -I.
-Icrypto/include -Iinclude -DDSO_DLFCN -DHAVE_DLFCN_H -DNDEBUG
-DOPENSSL_NO_DYNAMIC_ENGINE -DOPENSSL_PIC
-DOPENSSLDIR="\"/usr/local/ssl\""
-DENGINESDIR="\"/usr/local/lib/engines-1.1\"" -Wall -O3 -m64 -DL_ENDIAN
-fPIC -DOPENSSL_USE_NODELETE -c -o crypto/asn1/a_dup.o
crypto/asn1/a_dup.c kcc -I. -Icrypto/include -Iinclude -DDSO_DLFCN
-DHAVE_DLFCN_H -DNDEBUG -DOPENSSL_NO_DYNAMIC_ENGINE -DOPENSSL_PIC
-DOPENSSLDIR="\"/usr/local/ssl\""
-DENGINESDIR="\"/usr/local/lib/engines-1.1\"" -Wall -O3 -m64 -DL_ENDIAN
-fPIC -DOPENSSL_USE_NODELETE -c -o crypto/asn1/a_gentm.o
crypto/asn1/a_gentm.c kcc -I. -Icrypto/include -Iinclude -DDSO_DLFCN
-DHAVE_DLFCN_H -DNDEBUG -DOPENSSL_NO_DYNAMIC_ENGINE -DOPENSSL_PIC
-DOPENSSLDIR="\"/usr/local/ssl\""
-DENGINESDIR="\"/usr/local/lib/engines-1.1\"" -Wall -O3 -m64 -DL_ENDIAN
-fPIC -DOPENSSL_USE_NODELETE -c -o crypto/asn1/a_i2d_fp.o
crypto/asn1/a_i2d_fp.c kcc -I. -Icrypto/include -Iinclude -DDSO_DLFCN
-DHAVE_DLFCN_H -DNDEBUG -DOPENSSL_NO_DYNAMIC_ENGINE -DOPENSSL_PIC
-DOPENSSLDIR="\"/usr/local/ssl\""
-DENGINESDIR="\"/usr/local/lib/engines-1.1\"" -Wall -O3 -m64 -DL_ENDIAN
-fPIC -DOPENSSL_USE_NODELETE -c -o crypto/asn1/a_int.o
crypto/asn1/a_int.c kcc -I. -Icrypto/include -Iinclude -DDSO_DLFCN
-DHAVE_DLFCN_H -DNDEBUG -DOPENSSL_NO_DYNAMIC_ENGINE -DOPENSSL_PIC
-DOPENSSLDIR="\"/usr/local/ssl\""
-DENGINESDIR="\"/usr/local/lib/engines-1.1\"" -Wall -O3 -m64 -DL_ENDIAN
-fPIC -DOPENSSL_USE_NODELETE -c -o crypto/asn1/a_mbstr.o
crypto/asn1/a_mbstr.c kcc -I. -Icrypto/include -Iinclude -DDSO_DLFCN
-DHAVE_DLFCN_H -DNDEBUG -DOPENSSL_NO_DYNAMIC_ENGINE -DOPENSSL_PIC
-DOPENSSLDIR="\"/usr/local/ssl\""
-DENGINESDIR="\"/usr/local/lib/engines-1.1\"" -Wall -O3 -m64 -DL_ENDIAN
-fPIC -DOPENSSL_USE_NODELETE -c -o crypto/asn1/a_object.o
crypto/asn1/a_object.c kcc -I. -Icrypto/include -Iinclude -DDSO_DLFCN
-DHAVE_DLFCN_H -DNDEBUG -DOPENSSL_NO_DYNAMIC_ENGINE -DOPENSSL_PIC
-DOPENSSLDIR="\"/usr/local/ssl\""
-DENGINESDIR="\"/usr/local/lib/engines-1.1\"" -Wall -O3 -m64 -DL_ENDIAN
-fPIC -DOPENSSL_USE_NODELETE -c -o crypto/asn1/a_octet.o
crypto/asn1/a_octet.c kcc -I. -Icrypto/include -Iinclude -DDSO_DLFCN
-DHAVE_DLFCN_H -DNDEBUG -DOPENSSL_NO_DYNAMIC_ENGINE -DOPENSSL_PIC
-DOPENSSLDIR="\"/usr/local/ssl\""
-DENGINESDIR="\"/usr/local/lib/engines-1.1\"" -Wall -O3 -m64 -DL_ENDIAN
-fPIC -DOPENSSL_USE_NODELETE -c -o crypto/asn1/a_print.o
crypto/asn1/a_print.c kcc -I. -Icrypto/include -Iinclude -DDSO_DLFCN
-DHAVE_DLFCN_H -DNDEBUG -DOPENSSL_NO_DYNAMIC_ENGINE -DOPENSSL_PIC
-DOPENSSLDIR="\"/usr/local/ssl\""
-DENGINESDIR="\"/usr/local/lib/engines-1.1\"" -Wall -O3 -m64 -DL_ENDIAN
-fPIC -DOPENSSL_USE_NODELETE -c -o crypto/asn1/a_sign.o
crypto/asn1/a_sign.c In file included from
crypto/include/internal/evp_int.h:10:0, from crypto/asn1/a_sign.c:22:
include/internal/refcount.h:21:24: fatal error: stdatomic.h: No such
file or directory # include <stdatomic.h> ^ compilation terminated.
Translation failed (kcc_config dumped). To repeat, run this command in
directory openssl: kcc -d -I. -Icrypto/include -Iinclude -DDSO_DLFCN
-DHAVE_DLFCN_H -DNDEBUG -DOPENSSL_NO_DYNAMIC_ENGINE -DOPENSSL_PIC
-DOPENSSLDIR="/usr/local/ssl" -DENGINESDIR="/usr/local/lib/engines-1.1"
-Wall -O3 -m64 -DL_ENDIAN -fPIC -DOPENSSL_USE_NODELETE -c -o
crypto/asn1/a_sign.o crypto/asn1/a_sign.c make[1]: ***
[crypto/asn1/a_sign.o] Error 1 make[1]: Leaving directory
`/root/rv-match_testing/tests/openssl/kcc/build/openssl' make: ***
[all] Error 2]]></error> </testcase> <testcase
classname="acceptance.redis" name="gcc make success"
time="145.707788582"> </testcase> <testcase
classname="acceptance.redis" name="kcc make success"
time="54.523335836"> <error message="Failed."> <![CDATA[checking
whether utrace(2) is compilable... no checking whether valgrind is
compilable... no checking whether a program using __builtin_ffsl is
compilable... yes checking LG_PAGE... undefined configure: error:
cannot determine value for LG_PAGE make[2]: *** [jemalloc] Error 1
make[2]: Leaving directory
`/root/rv-match_testing/tests/redis/kcc/build/redis/deps' make[1]:
[persist-settings] Error 2 (ignored) [34mCC[0m [33madlist.o[0m
Unsupported option: -ggdb In file included from adlist.c:34:0:
zmalloc.h:50:31: fatal error: jemalloc/jemalloc.h: No such file or
directory #include <jemalloc/jemalloc.h> ^ compilation terminated.
Translation failed (kcc_config dumped). To repeat, run this command in
directory src: kcc -d -std=c99 -pedantic -DREDIS_STATIC= -Wall -W
-Wno-missing-field-initializers -O2 -g -ggdb -I../deps/hiredis
-I../deps/linenoise -I../deps/lua/src -DUSE_JEMALLOC
-I../deps/jemalloc/include -c adlist.c make[1]: *** [adlist.o] Error 1
make[1]: Leaving directory
`/root/rv-match_testing/tests/redis/kcc/build/redis/src' make: ***
[all] Error 2 ========================= List of the processed
kcc_configs: Found a kcc_config number 1: Location:
/root/rv-match_testing/tests/redis/kcc/build/redis/deps/jemalloc
/root/rv-match_testing/prepare.sh: line 141: k-bin-to-text: command not
found k-bin-to-text command failed with above error]]></error>
</testcase> <testcase classname="acceptance.wrk"
name="gcc make success" time="114.571906976"> </testcase> <testcase
classname="acceptance.wrk" name="kcc make success" time="8.739228676">
<error message="Failed."> <![CDATA[ > in setarrayvector at
host/minilua.c:1485:3 in luaH_new at host/minilua.c:1564:1 in f_luaopen
at host/minilua.c:2285:26 in luaD_rawrunprotected at
host/minilua.c:1044:28 in lua_newstate at host/minilua.c:2365:1 in
luaL_newstate at host/minilua.c:6216:1 in main at host/minilua.c:7750:1
Undefined behavior (UB-EIO10): see C11 section 6.5:7
http://rvdoc.org/C11/6.5 see C11 section J.2:1 item 37
http://rvdoc.org/C11/J.2 see CERT-C section EXP39-C
http://rvdoc.org/CERT-C/EXP39-C see MISRA-C section 8.1:3
http://rvdoc.org/MISRA-C/8.1 Execution failed (configuration dumped)
make[2]: *** [host/buildvm_arch.h] Error 139 make[2]: Leaving directory
`/root/rv-match_testing/tests/wrk/kcc/build/wrk/obj/LuaJIT-2.0.4/src'
make[1]: *** [src/luajit] Error 2 make[1]: Leaving directory
`/root/rv-match_testing/tests/wrk/kcc/build/wrk/obj/LuaJIT-2.0.4' make:
*** [obj/lib/libluajit-5.1.a] Error 2]]></error> </testcase>
</properties></testsuite> </testsuites>
<html>
  <body>
    <p>Container results are in acceptance.xml:
      <?xml version="1.0" encoding="UTF-8"?> <testsuites> <testsuite
      name="ReportScriptReport" package="ReportPackage"> <properties>
      <testcase classname="acceptance.bind9" name="gcc make success"
      time="112.936541161"> </testcase> <testcase
      classname="acceptance.bind9" name="kcc make success"
      time="827.456159726"> <error message="Failed."> <![CDATA[ Syntax
      error (SE-CID1): see C11 section 6.5.1:2
      http://rvdoc.org/C11/6.5.1 see CERT-C section DCL31-C
      http://rvdoc.org/CERT-C/DCL31-C acl.c:627:3: error: Trying to
      look up identifier __builtin_expect, but no such identifier is in
      scope. Syntax error (SE-CID1): see C11 section 6.5.1:2
      http://rvdoc.org/C11/6.5.1 see CERT-C section DCL31-C
      http://rvdoc.org/CERT-C/DCL31-C kcc
      -I/root/rv-match_testing/tests/bind9/kcc/build/bind9 -I../.. -I.
      -I../../lib/dns -Iinclude
      -I/root/rv-match_testing/tests/bind9/kcc/build/bind9/lib/dns/include
      -I../../lib/dns/include
      -I/root/rv-match_testing/tests/bind9/kcc/build/bind9/lib/isc/include
      -I../../lib/isc -I../../lib/isc/include
      -I../../lib/isc/unix/include -I../../lib/isc/pthreads/include
      -I../../lib/isc/x86_64/include -I/usr/include -D_REENTRANT
      -DUSE_MD5 -DOPENSSL -DGSSAPI -DUSE_ISC_SPNEGO -D_GNU_SOURCE
      -std=gnu11 -no-pedantic -frecover-all-errors
      -I/usr/include/libxml2 -fPIC -c adb.c
      include/dns/rdataset.h[604:0-0] : syntax error Translation failed
      (kcc_config dumped). To repeat, run this command in directory
      dns: kcc -d -I/root/rv-match_testing/tests/bind9/kcc/build/bind9
      -I../.. -I. -I../../lib/dns -Iinclude
      -I/root/rv-match_testing/tests/bind9/kcc/build/bind9/lib/dns/include
      -I../../lib/dns/include
      -I/root/rv-match_testing/tests/bind9/kcc/build/bind9/lib/isc/include
      -I../../lib/isc -I../../lib/isc/include
      -I../../lib/isc/unix/include -I../../lib/isc/pthreads/include
      -I../../lib/isc/x86_64/include -I/usr/include -D_REENTRANT
      -DUSE_MD5 -DOPENSSL -DGSSAPI -DUSE_ISC_SPNEGO -D_GNU_SOURCE
      -std=gnu11 -no-pedantic -frecover-all-errors
      -I/usr/include/libxml2 -fPIC -c adb.c make[2]: *** [adb.o] Error
      1 make[2]: Leaving directory
      `/root/rv-match_testing/tests/bind9/kcc/build/bind9/lib/dns'
      make[1]: *** [subdirs] Error 1 make[1]: Leaving directory
      `/root/rv-match_testing/tests/bind9/kcc/build/bind9/lib' make:
      *** [subdirs] Error 1 ========================= List of the
      processed kcc_configs: Found a kcc_config number 1: Location:
      /root/rv-match_testing/tests/bind9/kcc/build/bind9/lib/dns
      /root/rv-match_testing/prepare.sh: line 141: k-bin-to-text:
      command not found k-bin-to-text command failed with above error
      Found a kcc_config number 2: Location:
      /root/rv-match_testing/tests/bind9/kcc/build/bind9
      /root/rv-match_testing/prepare.sh: line 141: k-bin-to-text:
      command not found k-bin-to-text command failed with above
      error]]></error> </testcase> <testcase
      classname="acceptance.curl" name="gcc make success"
      time="82.630054647"> </testcase> <testcase
      classname="acceptance.curl" name="kcc make success"
      time="495.640058658"> <error message="Failed.">
      <![CDATA[tmp-kcc-obj-3obqW:warnless.c:(.text+0x19e): first
      defined here tmp-kcc-ar-obj-HL4cy: In function `curlx_uitosi':
      warnless.c:(.text+0x1aa): multiple definition of `curlx_uitosi'
      tmp-kcc-obj-3obqW:warnless.c:(.text+0x1aa): first defined here
      tmp-kcc-ar-obj-HL4cy: In function `curlx_sitouz':
      warnless.c:(.text+0x1bb): multiple definition of `curlx_sitouz'
      tmp-kcc-obj-3obqW:warnless.c:(.text+0x1bb): first defined here
      tmp-kcc-ar-obj-6OF9G: In function `curlx_strtoofft':
      strtoofft.c:(.text+0xae): multiple definition of
      `curlx_strtoofft' tmp-kcc-obj-xf7uT:strtoofft.c:(.text+0xae):
      first defined here tmp-kcc-ar-obj-h2XDW: In function
      `curlx_nonblock': nonblock.c:(.text+0xae): multiple definition of
      `curlx_nonblock' tmp-kcc-obj-NSc2I:nonblock.c:(.text+0xae): first
      defined here collect2: error: ld returned 1 exit status Can't
      exec "k-bin-to-text": No such file or directory at
      /root/kcc_dependency_1/kcc line 4169. Translation failed
      (kcc_config dumped). To repeat, run this command in directory
      src: kcc -d -std=gnu11 -no-pedantic -frecover-all-errors
      -pedantic -Wall -W -Wpointer-arith -Wwrite-strings -Wunused
      -Wshadow -Winline -Wnested-externs -Wmissing-declarations
      -Wmissing-prototypes -Wno-long-long -Wfloat-equal -Wno-multichar
      -Wsign-compare -Wundef -Wno-format-nonliteral -Wendif-labels
      -Wstrict-prototypes -Wdeclaration-after-statement
      -Wstrict-aliasing=3 -Wcast-align -Wtype-limits
      -Wold-style-declaration -Wmissing-parameter-type -Wempty-body
      -Wclobbered -Wignored-qualifiers -Wconversion
      -Wno-sign-conversion -Wvla -Wdouble-promotion -Wno-system-headers
      CMakeFiles/curl.dir/slist_wc.c.o
      CMakeFiles/curl.dir/tool_binmode.c.o
      CMakeFiles/curl.dir/tool_bname.c.o
      CMakeFiles/curl.dir/tool_cb_dbg.c.o
      CMakeFiles/curl.dir/tool_cb_hdr.c.o
      CMakeFiles/curl.dir/tool_cb_prg.c.o
      CMakeFiles/curl.dir/tool_cb_rea.c.o
      CMakeFiles/curl.dir/tool_cb_see.c.o
      CMakeFiles/curl.dir/tool_cb_wrt.c.o
      CMakeFiles/curl.dir/tool_cfgable.c.o
      CMakeFiles/curl.dir/tool_convert.c.o
      CMakeFiles/curl.dir/tool_dirhie.c.o
      CMakeFiles/curl.dir/tool_doswin.c.o
      CMakeFiles/curl.dir/tool_easysrc.c.o
      CMakeFiles/curl.dir/tool_formparse.c.o
      CMakeFiles/curl.dir/tool_getparam.c.o
      CMakeFiles/curl.dir/tool_getpass.c.o
      CMakeFiles/curl.dir/tool_help.c.o
      CMakeFiles/curl.dir/tool_helpers.c.o
      CMakeFiles/curl.dir/tool_homedir.c.o
      CMakeFiles/curl.dir/tool_hugehelp.c.o
      CMakeFiles/curl.dir/tool_libinfo.c.o
      CMakeFiles/curl.dir/tool_main.c.o
      CMakeFiles/curl.dir/tool_metalink.c.o
      CMakeFiles/curl.dir/tool_msgs.c.o
      CMakeFiles/curl.dir/tool_operate.c.o
      CMakeFiles/curl.dir/tool_operhlp.c.o
      CMakeFiles/curl.dir/tool_panykey.c.o
      CMakeFiles/curl.dir/tool_paramhlp.c.o
      CMakeFiles/curl.dir/tool_parsecfg.c.o
      CMakeFiles/curl.dir/tool_strdup.c.o
      CMakeFiles/curl.dir/tool_setopt.c.o
      CMakeFiles/curl.dir/tool_sleep.c.o
      CMakeFiles/curl.dir/tool_urlglob.c.o
      CMakeFiles/curl.dir/tool_util.c.o
      CMakeFiles/curl.dir/tool_vms.c.o
      CMakeFiles/curl.dir/tool_writeout.c.o
      CMakeFiles/curl.dir/tool_xattr.c.o
      CMakeFiles/curl.dir/__/lib/strtoofft.c.o
      CMakeFiles/curl.dir/__/lib/nonblock.c.o
      CMakeFiles/curl.dir/__/lib/warnless.c.o -o curl -rdynamic
      ../lib/libcurl.a -llber -lldap -ldl -lpthread
      /usr/lib/x86_64-linux-gnu/libssl.so
      /usr/lib/x86_64-linux-gnu/libcrypto.so
      -Wl,-rpath,/usr/lib/x86_64-linux-gnu: make[2]: *** [src/curl]
      Error 1 make[1]: *** [src/CMakeFiles/curl.dir/all] Error 2 make:
      *** [all] Error 2]]></error> </testcase> <testcase
      classname="acceptance.curve25519" name="gcc make success"
      time="3.073509483"> </testcase> <testcase
      classname="acceptance.curve25519" name="kcc make success"
      time="3322.452877454"> <error message="Failed."> <![CDATA[ see
      CERT-C section INT31-C http://rvdoc.org/CERT-C/INT31-C Conversion
      to signed integer outside the range that can be represented: > in
      ecp_Sub at curve25519_mehdi.c:129:5 in ecp_Mod at
      curve25519_mehdi.c:200:5 in ecp_MulMod at
      curve25519_mehdi.c:335:5 in ecp_PointMultiply at
      curve25519_dh.c:149:17 in curve25519_dh_CalculatePublicKey at
      curve25519_dh.c:197:5 in speed_test at curve25519_test.c:145:5 in
      main at curve25519_test.c:498:5 Implementation defined behavior
      (IMPL-CCV2): see C11 section 6.3.1.3:3
      http://rvdoc.org/C11/6.3.1.3 see C11 section J.3.5:1 item 4
      http://rvdoc.org/C11/J.3.5 see CERT-C section INT31-C
      http://rvdoc.org/CERT-C/INT31-C Segmentation fault (core dumped)
      make[1]: *** [test] Error 1 make[1]: Leaving directory
      `/root/rv-match_testing/tests/curve25519/kcc/build/curve25519/test'
      make: *** [test] Error 2]]></error> </testcase> <testcase
      classname="acceptance.darknet" name="gcc make success"
      time="10.716410905"> </testcase> <testcase
      classname="acceptance.darknet" name="kcc make success"
      time="2.068390719"> <error message="Failed."> <![CDATA[mkdir -p
      obj mkdir -p results kcc -Iinclude/ -Isrc/ -Wall
      -Wno-unknown-pragmas -Wfatal-errors -fPIC -Ofast -c ./src/gemm.c
      -o obj/gemm.o kcc -Iinclude/ -Isrc/ -Wall -Wno-unknown-pragmas
      -Wfatal-errors -fPIC -Ofast -c ./src/utils.c -o obj/utils.o
      ./src/utils.c:78:9: error: Computing pointer addition of a
      pointer not to a complete object type. Constraint violation
      (CV-CEA7): see C11 section 6.5.6:2 http://rvdoc.org/C11/6.5.6 see
      CERT-C section MSC40-C http://rvdoc.org/CERT-C/MSC40-C see
      MISRA-C section 8.1:1 http://rvdoc.org/MISRA-C/8.1 Can't exec
      "k-bin-to-text": No such file or directory at
      /root/kcc_dependency_1/kcc line 4169. Translation failed
      (kcc_config dumped). To repeat, run this command in directory
      darknet: kcc -d -Iinclude/ -Isrc/ -Wall -Wno-unknown-pragmas
      -Wfatal-errors -fPIC -Ofast -c ./src/utils.c -o obj/utils.o make:
      *** [obj/utils.o] Error 1]]></error> </testcase> <testcase
      classname="acceptance.FFmpeg" name="gcc make success"
      time="527.052227308"> </testcase> <testcase
      classname="acceptance.FFmpeg" name="kcc make success"
      time="16009.592234949"> <error message="Failed.">
      <![CDATA[Unsupported option: -fno-math-errno Unsupported option:
      -fno-signed-zeros AR libavutil/libavutil.a CC
      doc/examples/avio_dir_cmd.o Unsupported option: -fno-math-errno
      Unsupported option: -fno-signed-zeros LD
      doc/examples/avio_dir_cmd_g libavcodec/v410enc.c:83:1: error:
      Identifier <unknown> declared with incompatible types in
      different translation units. Undefined behavior (UB-TIN1): see
      C11 section 6.2.7:2 http://rvdoc.org/C11/6.2.7 see C11 section
      J.2:1 item 15 http://rvdoc.org/C11/J.2 see CERT-C section DCL23-C
      http://rvdoc.org/CERT-C/DCL23-C see CERT-C section DCL40-C
      http://rvdoc.org/CERT-C/DCL40-C see MISRA-C section 8.1:3
      http://rvdoc.org/MISRA-C/8.1 Can't exec "k-bin-to-text": No such
      file or directory at /root/kcc_dependency_1/kcc line 4169.
      Translation failed (kcc_config dumped). To repeat, run this
      command in directory FFmpeg: kcc -d -Llibavcodec -Llibavdevice
      -Llibavfilter -Llibavformat -Llibavresample -Llibavutil
      -Llibpostproc -Llibswscale -Llibswresample -Wl,--as-needed
      -Wl,-z,noexecstack -Wl,--warn-common
      -Wl,-rpath-link=libpostproc:libswresample:libswscale:libavfilter:libavdevice:libavformat:libavcodec:libavutil:libavresample
      -o doc/examples/avio_dir_cmd_g doc/examples/avio_dir_cmd.o
      -lavdevice -lavfilter -lavformat -lavcodec -lswresample -lswscale
      -lavutil -lm -pthread -lm -lm -pthread -lm -ldl -lm -lm -pthread
      -lm make: *** [doc/examples/avio_dir_cmd_g] Error 1
      ========================= List of the processed kcc_configs:
      Found a kcc_config number 1: Location:
      /root/rv-match_testing/tests/FFmpeg/kcc/build/FFmpeg
      /root/rv-match_testing/prepare.sh: line 141: k-bin-to-text:
      command not found k-bin-to-text command failed with above
      error]]></error> </testcase> <testcase classname="acceptance.fio"
      name="gcc make success" time="24.391687886"> </testcase>
      <testcase classname="acceptance.fio" name="kcc make success"
      time="27.296700924"> <error message="Failed.">
      <![CDATA[FIO_VERSION = fio-3.3-31-gca65 CC crc/crc16.o
      Unsupported option: -ffast-math Unsupported option: -ffast-math
      CC crc/crc32.o Unsupported option: -ffast-math Unsupported
      option: -ffast-math CC crc/crc32c-arm64.o Unsupported option:
      -ffast-math crc/../arch/arch-x86_64.h[7:0-0] : syntax error
      Translation failed (kcc_config dumped). To repeat, run this
      command in directory fio: kcc -d -o crc/crc32c-arm64.o -std=gnu99
      -Wwrite-strings -Wall -Wdeclaration-after-statement -g
      -ffast-math -D_GNU_SOURCE -include config-host.h -I. -I. -O3
      -U_FORTIFY_SOURCE -D_FORTIFY_SOURCE=2 -DBITS_PER_LONG=64
      -DFIO_VERSION="fio-3.3-31-gca65" -D_LARGEFILE_SOURCE
      -D_FILE_OFFSET_BITS=64 -DFIO_INTERNAL -DFIO_INC_DEBUG -c
      crc/crc32c-arm64.c make: *** [crc/crc32c-arm64.o] Error 1
      ========================= List of the processed kcc_configs:
      Found a kcc_config number 1: Location:
      /root/rv-match_testing/tests/fio/kcc/build/fio
      /root/rv-match_testing/prepare.sh: line 141: k-bin-to-text:
      command not found k-bin-to-text command failed with above
      error]]></error> </testcase> <testcase classname="acceptance.h3"
      name="gcc make success" time="9.603155990"> </testcase> <testcase
      classname="acceptance.h3" name="kcc make success"
      time="43.769897553"> <error message="Failed."> <![CDATA[Linking C
      executable bin/mkRandGeoBoundary [ 43%] Built target
      mkRandGeoBoundary Scanning dependencies of target testBBox [ 45%]
      Building C object
      CMakeFiles/testBBox.dir/src/apps/testapps/testBBox.c.o
      /root/rv-match_testing/tests/h3/kcc/build/h3/src/apps/testapps/testBBox.c:
      In function â€˜mainâ€™:
      /root/rv-match_testing/tests/h3/kcc/build/h3/src/apps/testapps/testBBox.c:162:30:
      warning: ISO C forbids empty initializer braces [-Wpedantic]
      const GeoCoord verts[] = {}; ^
      /root/rv-match_testing/tests/h3/kcc/build/h3/src/apps/testapps/testBBox.c:162:20:
      error: zero or negative size array â€˜vertsâ€™ const GeoCoord
      verts[] = {}; ^
      /root/rv-match_testing/tests/h3/kcc/build/h3/src/apps/testapps/testBBox.c:
      At top level:
      /root/rv-match_testing/tests/h3/kcc/build/h3/src/apps/testapps/testBBox.c:295:12:
      warning: ISO C does not allow extra â€˜;â€™ outside of a function
      [-Wpedantic] END_TESTS(); ^ Translation failed (kcc_config
      dumped). To repeat, run this command in directory h3: kcc -d
      -DH3_PREFIX= -O3 -Wall -fPIC -std=c1x
      -I/root/rv-match_testing/tests/h3/kcc/build/h3/src/h3lib/include
      -I/root/rv-match_testing/tests/h3/kcc/build/h3/src/apps/applib/include
      -o CMakeFiles/testBBox.dir/src/apps/testapps/testBBox.c.o -c
      /root/rv-match_testing/tests/h3/kcc/build/h3/src/apps/testapps/testBBox.c
      make[2]: ***
      [CMakeFiles/testBBox.dir/src/apps/testapps/testBBox.c.o] Error 1
      make[1]: *** [CMakeFiles/testBBox.dir/all] Error 2 make: ***
      [all] Error 2]]></error> </testcase> <testcase
      classname="acceptance.makefs" name="gcc make success"
      time=".291997267"> </testcase> <testcase
      classname="acceptance.makefs" name="kcc make success"
      time=".154454851"> <error message="Failed."> <![CDATA[kcc
      `pkg-config fuse --cflags` -c makefs.c In file included from
      makefs.c:3:0: meta_system.h:50:8: warning: extra tokens at end of
      #endif directive [enabled by default] #endif META_SYSTEM_H ^ In
      file included from /usr/include/fuse/fuse.h:26:0, from
      makefs.c:9: /usr/include/fuse/fuse_common.h:33:2: error: #error
      Please add -D_FILE_OFFSET_BITS=64 to your compile flags! #error
      Please add -D_FILE_OFFSET_BITS=64 to your compile flags! ^
      Translation failed (kcc_config dumped). To repeat, run this
      command in directory src: kcc -d -D_FILE_OFFSET_BITS=64
      -I/usr/include/fuse -c makefs.c make: *** [makefs.o] Error
      1]]></error> </testcase> <testcase
      classname="acceptance.meltdown" name="gcc make success"
      time=".842813318"> </testcase> <testcase
      classname="acceptance.meltdown" name="kcc make success"
      time=".232139632"> <error message="Failed."> <![CDATA[make -C
      libkdump make[1]: Entering directory
      `/root/rv-match_testing/tests/meltdown/kcc/build/meltdown/libkdump'
      kcc -c -fPIC libkdump.c -o libkdump.o -O3 -pthread
      -Wno-attributes libkdump.c[146:0-0] : syntax error Translation
      failed (kcc_config dumped). To repeat, run this command in
      directory libkdump: kcc -d -c -fPIC libkdump.c -o libkdump.o -O3
      -pthread -Wno-attributes make[1]: *** [libkdump.o] Error 1
      make[1]: Leaving directory
      `/root/rv-match_testing/tests/meltdown/kcc/build/meltdown/libkdump'
      make: *** [libkdump/libkdump.a] Error 2 =========================
      List of the processed kcc_configs: Found a kcc_config number 1:
      Location:
      /root/rv-match_testing/tests/meltdown/kcc/build/meltdown/libkdump
      /root/rv-match_testing/prepare.sh: line 141: k-bin-to-text:
      command not found k-bin-to-text command failed with above
      error]]></error> </testcase> <testcase
      classname="acceptance.mbedtls" name="gcc make success"
      time="26.430916833"> </testcase> <testcase
      classname="acceptance.mbedtls" name="kcc make success"
      time="427.218435342"> <error message="Failed."> <![CDATA[
      helpers.function:415:1: error: Multiple external definitions for
      mbedtls_entropy_func. Undefined behavior (UB-TIN2): see C11
      section 6.9:5 http://rvdoc.org/C11/6.9 see C11 section J.2:1 item
      84 http://rvdoc.org/C11/J.2 see CERT-C section MSC15-C
      http://rvdoc.org/CERT-C/MSC15-C see MISRA-C section 8.5:1
      http://rvdoc.org/MISRA-C/8.5 see MISRA-C section 8.8:6
      http://rvdoc.org/MISRA-C/8.8 see MISRA-C section 8.1:3
      http://rvdoc.org/MISRA-C/8.1 tmp-kcc-obj-juGeM: In function
      `mbedtls_entropy_func': test_suite_ctr_drbg.c:(.text+0x82d):
      multiple definition of `mbedtls_entropy_func'
      tmp-kcc-ar-obj-PHSDc:entropy.c:(.text+0x517): first defined here
      collect2: error: ld returned 1 exit status Can't exec
      "k-bin-to-text": No such file or directory at
      /root/kcc_dependency_1/kcc line 4169. Translation failed
      (kcc_config dumped). To repeat, run this command in directory
      tests: kcc -d -Wall -W -Wdeclaration-after-statement
      -Wno-unused-function -Wno-unused-value -I../include
      -D_FILE_OFFSET_BITS=64 -std=gnu11 -frecover-all-errors
      -no-pedantic test_suite_ctr_drbg.c -L../library -lmbedtls
      -lmbedx509 -lmbedcrypto -o test_suite_ctr_drbg make[1]: ***
      [test_suite_ctr_drbg] Error 1 make: *** [tests] Error
      2]]></error> </testcase> <testcase classname="acceptance.musl"
      name="gcc make success" time="43.905417043"> </testcase>
      <testcase classname="acceptance.musl" name="kcc make success"
      time="6.167782208"> <error message="Failed."> <![CDATA[mkdir -p
      obj/src/time mkdir -p obj/src/unistd sed -f
      ./tools/mkalltypes.sed ./arch/x86_64/bits/alltypes.h.in
      ./include/alltypes.h.in > obj/include/bits/alltypes.h cp
      arch/x86_64/bits/syscall.h.in obj/include/bits/syscall.h sed -n
      -e s/__NR_/SYS_/p < arch/x86_64/bits/syscall.h.in >>
      obj/include/bits/syscall.h kcc -std=c99 -nostdinc -ffreestanding
      -fexcess-precision=standard -frounding-math -Wa,--noexecstack
      -D_XOPEN_SOURCE=700 -I./arch/x86_64 -I./arch/generic
      -Iobj/src/internal -I./src/internal -Iobj/include -I./include -Os
      -pipe -fomit-frame-pointer -fno-unwind-tables
      -fno-asynchronous-unwind-tables -ffunction-sections
      -fdata-sections -Werror=implicit-function-declaration
      -Werror=implicit-int -Werror=pointer-sign -Werror=pointer-arith
      -Qunused-arguments -fPIC -fno-stack-protector -DCRT -c -o
      obj/crt/Scrt1.o crt/Scrt1.c Unsupported option: -nostdinc
      Unsupported option: -ffreestanding Unsupported option:
      -fexcess-precision=standard Unsupported option: -frounding-math
      Unsupported option: -fno-unwind-tables Unsupported option:
      -fno-asynchronous-unwind-tables Unsupported option:
      -ffunction-sections Unsupported option: -fdata-sections
      Unsupported option: -Qunused-arguments Unsupported option:
      -fno-stack-protector Can't exec "k-bin-to-text": No such file or
      directory at /root/kcc_dependency_1/kcc line 4169. Translation
      failed (kcc_config dumped). To repeat, run this command in
      directory musl: kcc -d -std=c99 -nostdinc -ffreestanding
      -fexcess-precision=standard -frounding-math -Wa,--noexecstack
      -D_XOPEN_SOURCE=700 -I./arch/x86_64 -I./arch/generic
      -Iobj/src/internal -I./src/internal -Iobj/include -I./include -Os
      -pipe -fomit-frame-pointer -fno-unwind-tables
      -fno-asynchronous-unwind-tables -ffunction-sections
      -fdata-sections -Werror=implicit-function-declaration
      -Werror=implicit-int -Werror=pointer-sign -Werror=pointer-arith
      -Qunused-arguments -fPIC -fno-stack-protector -DCRT -c -o
      obj/crt/Scrt1.o crt/Scrt1.c make: *** [obj/crt/Scrt1.o] Error
      1]]></error> </testcase> <testcase classname="acceptance.openssl"
      name="gcc make success" time="106.119921293"> </testcase>
      <testcase classname="acceptance.openssl" name="kcc make success"
      time="19.443951416"> <error message="Failed."> <![CDATA[kcc -I.
      -Icrypto/include -Iinclude -DDSO_DLFCN -DHAVE_DLFCN_H -DNDEBUG
      -DOPENSSL_NO_DYNAMIC_ENGINE -DOPENSSL_PIC
      -DOPENSSLDIR="\"/usr/local/ssl\""
      -DENGINESDIR="\"/usr/local/lib/engines-1.1\"" -Wall -O3 -m64
      -DL_ENDIAN -fPIC -DOPENSSL_USE_NODELETE -c -o crypto/asn1/a_dup.o
      crypto/asn1/a_dup.c kcc -I. -Icrypto/include -Iinclude
      -DDSO_DLFCN -DHAVE_DLFCN_H -DNDEBUG -DOPENSSL_NO_DYNAMIC_ENGINE
      -DOPENSSL_PIC -DOPENSSLDIR="\"/usr/local/ssl\""
      -DENGINESDIR="\"/usr/local/lib/engines-1.1\"" -Wall -O3 -m64
      -DL_ENDIAN -fPIC -DOPENSSL_USE_NODELETE -c -o
      crypto/asn1/a_gentm.o crypto/asn1/a_gentm.c kcc -I.
      -Icrypto/include -Iinclude -DDSO_DLFCN -DHAVE_DLFCN_H -DNDEBUG
      -DOPENSSL_NO_DYNAMIC_ENGINE -DOPENSSL_PIC
      -DOPENSSLDIR="\"/usr/local/ssl\""
      -DENGINESDIR="\"/usr/local/lib/engines-1.1\"" -Wall -O3 -m64
      -DL_ENDIAN -fPIC -DOPENSSL_USE_NODELETE -c -o
      crypto/asn1/a_i2d_fp.o crypto/asn1/a_i2d_fp.c kcc -I.
      -Icrypto/include -Iinclude -DDSO_DLFCN -DHAVE_DLFCN_H -DNDEBUG
      -DOPENSSL_NO_DYNAMIC_ENGINE -DOPENSSL_PIC
      -DOPENSSLDIR="\"/usr/local/ssl\""
      -DENGINESDIR="\"/usr/local/lib/engines-1.1\"" -Wall -O3 -m64
      -DL_ENDIAN -fPIC -DOPENSSL_USE_NODELETE -c -o crypto/asn1/a_int.o
      crypto/asn1/a_int.c kcc -I. -Icrypto/include -Iinclude
      -DDSO_DLFCN -DHAVE_DLFCN_H -DNDEBUG -DOPENSSL_NO_DYNAMIC_ENGINE
      -DOPENSSL_PIC -DOPENSSLDIR="\"/usr/local/ssl\""
      -DENGINESDIR="\"/usr/local/lib/engines-1.1\"" -Wall -O3 -m64
      -DL_ENDIAN -fPIC -DOPENSSL_USE_NODELETE -c -o
      crypto/asn1/a_mbstr.o crypto/asn1/a_mbstr.c kcc -I.
      -Icrypto/include -Iinclude -DDSO_DLFCN -DHAVE_DLFCN_H -DNDEBUG
      -DOPENSSL_NO_DYNAMIC_ENGINE -DOPENSSL_PIC
      -DOPENSSLDIR="\"/usr/local/ssl\""
      -DENGINESDIR="\"/usr/local/lib/engines-1.1\"" -Wall -O3 -m64
      -DL_ENDIAN -fPIC -DOPENSSL_USE_NODELETE -c -o
      crypto/asn1/a_object.o crypto/asn1/a_object.c kcc -I.
      -Icrypto/include -Iinclude -DDSO_DLFCN -DHAVE_DLFCN_H -DNDEBUG
      -DOPENSSL_NO_DYNAMIC_ENGINE -DOPENSSL_PIC
      -DOPENSSLDIR="\"/usr/local/ssl\""
      -DENGINESDIR="\"/usr/local/lib/engines-1.1\"" -Wall -O3 -m64
      -DL_ENDIAN -fPIC -DOPENSSL_USE_NODELETE -c -o
      crypto/asn1/a_octet.o crypto/asn1/a_octet.c kcc -I.
      -Icrypto/include -Iinclude -DDSO_DLFCN -DHAVE_DLFCN_H -DNDEBUG
      -DOPENSSL_NO_DYNAMIC_ENGINE -DOPENSSL_PIC
      -DOPENSSLDIR="\"/usr/local/ssl\""
      -DENGINESDIR="\"/usr/local/lib/engines-1.1\"" -Wall -O3 -m64
      -DL_ENDIAN -fPIC -DOPENSSL_USE_NODELETE -c -o
      crypto/asn1/a_print.o crypto/asn1/a_print.c kcc -I.
      -Icrypto/include -Iinclude -DDSO_DLFCN -DHAVE_DLFCN_H -DNDEBUG
      -DOPENSSL_NO_DYNAMIC_ENGINE -DOPENSSL_PIC
      -DOPENSSLDIR="\"/usr/local/ssl\""
      -DENGINESDIR="\"/usr/local/lib/engines-1.1\"" -Wall -O3 -m64
      -DL_ENDIAN -fPIC -DOPENSSL_USE_NODELETE -c -o
      crypto/asn1/a_sign.o crypto/asn1/a_sign.c In file included from
      crypto/include/internal/evp_int.h:10:0, from
      crypto/asn1/a_sign.c:22: include/internal/refcount.h:21:24: fatal
      error: stdatomic.h: No such file or directory # include
      <stdatomic.h> ^ compilation terminated. Translation failed
      (kcc_config dumped). To repeat, run this command in directory
      openssl: kcc -d -I. -Icrypto/include -Iinclude -DDSO_DLFCN
      -DHAVE_DLFCN_H -DNDEBUG -DOPENSSL_NO_DYNAMIC_ENGINE -DOPENSSL_PIC
      -DOPENSSLDIR="/usr/local/ssl"
      -DENGINESDIR="/usr/local/lib/engines-1.1" -Wall -O3 -m64
      -DL_ENDIAN -fPIC -DOPENSSL_USE_NODELETE -c -o
      crypto/asn1/a_sign.o crypto/asn1/a_sign.c make[1]: ***
      [crypto/asn1/a_sign.o] Error 1 make[1]: Leaving directory
      `/root/rv-match_testing/tests/openssl/kcc/build/openssl' make:
      *** [all] Error 2]]></error> </testcase> <testcase
      classname="acceptance.redis" name="gcc make success"
      time="145.707788582"> </testcase> <testcase
      classname="acceptance.redis" name="kcc make success"
      time="54.523335836"> <error message="Failed."> <![CDATA[checking
      whether utrace(2) is compilable... no checking whether valgrind
      is compilable... no checking whether a program using
      __builtin_ffsl is compilable... yes checking LG_PAGE... undefined
      configure: error: cannot determine value for LG_PAGE make[2]: ***
      [jemalloc] Error 1 make[2]: Leaving directory
      `/root/rv-match_testing/tests/redis/kcc/build/redis/deps'
      make[1]: [persist-settings] Error 2 (ignored) [34mCC[0m
      [33madlist.o[0m Unsupported option: -ggdb In file included from
      adlist.c:34:0: zmalloc.h:50:31: fatal error: jemalloc/jemalloc.h:
      No such file or directory #include <jemalloc/jemalloc.h> ^
      compilation terminated. Translation failed (kcc_config dumped).
      To repeat, run this command in directory src: kcc -d -std=c99
      -pedantic -DREDIS_STATIC= -Wall -W
      -Wno-missing-field-initializers -O2 -g -ggdb -I../deps/hiredis
      -I../deps/linenoise -I../deps/lua/src -DUSE_JEMALLOC
      -I../deps/jemalloc/include -c adlist.c make[1]: *** [adlist.o]
      Error 1 make[1]: Leaving directory
      `/root/rv-match_testing/tests/redis/kcc/build/redis/src' make:
      *** [all] Error 2 ========================= List of the processed
      kcc_configs: Found a kcc_config number 1: Location:
      /root/rv-match_testing/tests/redis/kcc/build/redis/deps/jemalloc
      /root/rv-match_testing/prepare.sh: line 141: k-bin-to-text:
      command not found k-bin-to-text command failed with above
      error]]></error> </testcase> <testcase classname="acceptance.wrk"
      name="gcc make success" time="114.571906976"> </testcase>
      <testcase classname="acceptance.wrk" name="kcc make success"
      time="8.739228676"> <error message="Failed."> <![CDATA[ > in
      setarrayvector at host/minilua.c:1485:3 in luaH_new at
      host/minilua.c:1564:1 in f_luaopen at host/minilua.c:2285:26 in
      luaD_rawrunprotected at host/minilua.c:1044:28 in lua_newstate at
      host/minilua.c:2365:1 in luaL_newstate at host/minilua.c:6216:1
      in main at host/minilua.c:7750:1 Undefined behavior (UB-EIO10):
      see C11 section 6.5:7 http://rvdoc.org/C11/6.5 see C11 section
      J.2:1 item 37 http://rvdoc.org/C11/J.2 see CERT-C section EXP39-C
      http://rvdoc.org/CERT-C/EXP39-C see MISRA-C section 8.1:3
      http://rvdoc.org/MISRA-C/8.1 Execution failed (configuration
      dumped) make[2]: *** [host/buildvm_arch.h] Error 139 make[2]:
      Leaving directory
      `/root/rv-match_testing/tests/wrk/kcc/build/wrk/obj/LuaJIT-2.0.4/src'
      make[1]: *** [src/luajit] Error 2 make[1]: Leaving directory
      `/root/rv-match_testing/tests/wrk/kcc/build/wrk/obj/LuaJIT-2.0.4'
      make: *** [obj/lib/libluajit-5.1.a] Error 2]]></error>
      </testcase> </properties></testsuite> </testsuites></p>
  </body>
</html>
